<?xml version="1.0" encoding="UTF-8"?>
<!-- Generated by org.testng.reporters.JUnitReportReporter -->
<testsuite hostname="DESKTOP-G6P9NQR" name="example.NewTest1" tests="1" failures="0" timestamp="5 Oct 2021 12:48:10 GMT" time="4.064" errors="0">
  <testcase name="testEasy" time="4.064" classname="example.NewTest1"/>
</testsuite> <!-- example.NewTest1 -->
