<?xml version="1.0" encoding="UTF-8"?>
<!-- Generated by org.testng.reporters.JUnitReportReporter -->
<testsuite hostname="DESKTOP-G6P9NQR" name="GroupTest.Group1" tests="3" failures="0" timestamp="5 Oct 2021 05:17:09 GMT" time="0.017" errors="0">
  <testcase name="testcase2" time="0.003" classname="GroupTest.Group1"/>
  <testcase name="testcase3" time="0.002" classname="GroupTest.Group1"/>
  <testcase name="testcase1" time="0.012" classname="GroupTest.Group1"/>
</testsuite> <!-- GroupTest.Group1 -->
