<?xml version="1.0" encoding="UTF-8"?>
<!-- Generated by org.testng.reporters.JUnitReportReporter -->
<testsuite hostname="DESKTOP-G6P9NQR" name="testdriven.Exceldata" tests="2" failures="0" timestamp="7 Oct 2021 17:05:15 GMT" time="31.356" errors="0">
  <testcase name="demoClass" time="12.399" classname="testdriven.Exceldata"/>
  <testcase name="demoClass" time="18.957" classname="testdriven.Exceldata"/>
</testsuite> <!-- testdriven.Exceldata -->
