<?xml version="1.0" encoding="UTF-8"?>
<!-- Generated by org.testng.reporters.JUnitReportReporter -->
<testsuite hostname="DESKTOP-G6P9NQR" name="example.NewTest" tests="1" failures="0" timestamp="29 Oct 2021 08:08:27 GMT" time="4.301" errors="0">
  <testcase name="testEasy" time="4.301" classname="example.NewTest"/>
</testsuite> <!-- example.NewTest -->
